Performing C SOURCE FILE Test CMAKE_HAVE_LIBC_PTHREAD failed with the following output:
Change Dir: /mnt/hgfs/software/後期/SoftwareTeamDevelopment/build/CMakeFiles/CMakeTmp

Run Build Command(s):/usr/bin/make cmTC_d39b2/fast && /usr/bin/make -f CMakeFiles/cmTC_d39b2.dir/build.make CMakeFiles/cmTC_d39b2.dir/build
make[1]: ディレクトリ '/mnt/hgfs/software/後期/SoftwareTeamDevelopment/build/CMakeFiles/CMakeTmp' に入ります
Building C object CMakeFiles/cmTC_d39b2.dir/src.c.o
/usr/bin/cc   -DCMAKE_HAVE_LIBC_PTHREAD   -o CMakeFiles/cmTC_d39b2.dir/src.c.o   -c /mnt/hgfs/software/後期/SoftwareTeamDevelopment/build/CMakeFiles/CMakeTmp/src.c
Linking C executable cmTC_d39b2
/usr/bin/cmake -E cmake_link_script CMakeFiles/cmTC_d39b2.dir/link.txt --verbose=1
/usr/bin/cc  -DCMAKE_HAVE_LIBC_PTHREAD    CMakeFiles/cmTC_d39b2.dir/src.c.o  -o cmTC_d39b2 
/usr/bin/ld: CMakeFiles/cmTC_d39b2.dir/src.c.o: in function `main':
src.c:(.text+0x46): undefined reference to `pthread_create'
/usr/bin/ld: src.c:(.text+0x52): undefined reference to `pthread_detach'
/usr/bin/ld: src.c:(.text+0x63): undefined reference to `pthread_join'
collect2: error: ld returned 1 exit status
make[1]: *** [CMakeFiles/cmTC_d39b2.dir/build.make:87: cmTC_d39b2] エラー 1
make[1]: ディレクトリ '/mnt/hgfs/software/後期/SoftwareTeamDevelopment/build/CMakeFiles/CMakeTmp' から出ます
make: *** [Makefile:121: cmTC_d39b2/fast] エラー 2


Source file was:
#include <pthread.h>

void* test_func(void* data)
{
  return data;
}

int main(void)
{
  pthread_t thread;
  pthread_create(&thread, NULL, test_func, NULL);
  pthread_detach(thread);
  pthread_join(thread, NULL);
  pthread_atfork(NULL, NULL, NULL);
  pthread_exit(NULL);

  return 0;
}

Determining if the function pthread_create exists in the pthreads failed with the following output:
Change Dir: /mnt/hgfs/software/後期/SoftwareTeamDevelopment/build/CMakeFiles/CMakeTmp

Run Build Command(s):/usr/bin/make cmTC_8f62e/fast && /usr/bin/make -f CMakeFiles/cmTC_8f62e.dir/build.make CMakeFiles/cmTC_8f62e.dir/build
make[1]: ディレクトリ '/mnt/hgfs/software/後期/SoftwareTeamDevelopment/build/CMakeFiles/CMakeTmp' に入ります
Building C object CMakeFiles/cmTC_8f62e.dir/CheckFunctionExists.c.o
/usr/bin/cc   -DCHECK_FUNCTION_EXISTS=pthread_create   -o CMakeFiles/cmTC_8f62e.dir/CheckFunctionExists.c.o   -c /usr/share/cmake-3.16/Modules/CheckFunctionExists.c
Linking C executable cmTC_8f62e
/usr/bin/cmake -E cmake_link_script CMakeFiles/cmTC_8f62e.dir/link.txt --verbose=1
/usr/bin/cc  -DCHECK_FUNCTION_EXISTS=pthread_create    CMakeFiles/cmTC_8f62e.dir/CheckFunctionExists.c.o  -o cmTC_8f62e  -lpthreads 
/usr/bin/ld: -lpthreads が見つかりません
collect2: error: ld returned 1 exit status
make[1]: *** [CMakeFiles/cmTC_8f62e.dir/build.make:87: cmTC_8f62e] エラー 1
make[1]: ディレクトリ '/mnt/hgfs/software/後期/SoftwareTeamDevelopment/build/CMakeFiles/CMakeTmp' から出ます
make: *** [Makefile:121: cmTC_8f62e/fast] エラー 2



